2022-05-17 11:06:44,412 ERROR Persistence.CommitCodeChangeSaver.<init>(CommitCodeChangeSaver.java:21) - org.sqlite.JDBC
2022-05-17 15:35:43,652 ERROR Persistence.CommitCodeChangeSaver.<init>(CommitCodeChangeSaver.java:20) - org.sqlite.JDBC
2022-05-17 15:36:14,148 ERROR Persistence.CommitCodeChangeSaver.<init>(CommitCodeChangeSaver.java:20) - org.sqlite.JDBC
2022-05-17 15:39:11,092 ERROR Persistence.CommitCodeChangeSaver.<init>(CommitCodeChangeSaver.java:20) - org.sqlite.JDBC
2022-05-17 15:42:01,246 ERROR Persistence.CommitCodeChangeSaver.<init>(CommitCodeChangeSaver.java:21) - org.sqlite.JDBC
2022-05-17 15:42:26,458 ERROR Persistence.CommitCodeChangeSaver.<init>(CommitCodeChangeSaver.java:21) - org.sqlite.JDBC
2022-05-17 15:43:45,009 ERROR Persistence.CommitCodeChangeSaver.<init>(CommitCodeChangeSaver.java:21) - org.sqlite.JDBC
2022-05-17 15:44:06,234 ERROR Persistence.CommitCodeChangeSaver.<init>(CommitCodeChangeSaver.java:21) - java.lang.ClassNotFoundException: org.sqlite.JDBC
2022-05-17 15:45:25,639 ERROR Persistence.CommitCodeChangeSaver.save(CommitCodeChangeSaver.java:35) - [SQLITE_ERROR] SQL error or missing database (no such table: CommitCodeChange)
2022-05-17 15:52:45,881 ERROR Persistence.CommitCodeChangeSaver.save(CommitCodeChangeSaver.java:35) - [SQLITE_ERROR] SQL error or missing database (no such table: CommitCodeChange)
2022-05-17 15:53:00,542 ERROR Persistence.CommitCodeChangeSaver.save(CommitCodeChangeSaver.java:35) - [SQLITE_ERROR] SQL error or missing database (no such table: CommitCodeChange)
2022-05-17 16:11:47,179 ERROR Persistence.CommitCodeChangeSaver.save(CommitCodeChangeSaver.java:35) - [SQLITE_ERROR] SQL error or missing database (no such table: CommitCodeChange)
2022-05-17 16:13:42,248 ERROR Persistence.CommitCodeChangeSaver.save(CommitCodeChangeSaver.java:35) - org.sqlite.SQLiteException: [SQLITE_ERROR] SQL error or missing database (no such table: CommitCodeChange)
2022-05-17 16:13:42,249 ERROR Persistence.CommitCodeChangeSaver.save(CommitCodeChangeSaver.java:36) - 11111
2022-05-17 16:13:55,501 ERROR Persistence.CommitCodeChangeSaver.save(CommitCodeChangeSaver.java:35) - org.sqlite.SQLiteException: [SQLITE_ERROR] SQL error or missing database (no such table: CommitCodeChange)
2022-05-17 16:13:55,503 ERROR Persistence.CommitCodeChangeSaver.save(CommitCodeChangeSaver.java:36) - 11111
2022-05-17 16:43:24,805 ERROR Persistence.CommitCodeChangeSaver.save(CommitCodeChangeSaver.java:35) - org.sqlite.SQLiteException: [SQLITE_ERROR] SQL error or missing database (no such table: CommitCodeChange)
2022-05-17 16:46:29,664 ERROR Persistence.CommitCodeChangeSaver.save(CommitCodeChangeSaver.java:41) - org.sqlite.SQLiteException: [SQLITE_BUSY]  The database file is locked (database is locked)
2022-05-17 16:48:09,305 ERROR Persistence.CommitCodeChangeSaver.save(CommitCodeChangeSaver.java:41) - org.sqlite.SQLiteException: [SQLITE_BUSY]  The database file is locked (database is locked)
2022-05-17 16:52:19,259 ERROR Persistence.CommitCodeChangeSaver.save(CommitCodeChangeSaver.java:41) - org.sqlite.SQLiteException: [SQLITE_BUSY]  The database file is locked (database is locked)
2022-05-17 16:57:17,350 ERROR Persistence.CommitCodeChangeSaver.save(CommitCodeChangeSaver.java:41) - org.sqlite.SQLiteException: [SQLITE_BUSY]  The database file is locked (database is locked)
2022-05-17 16:59:09,714 ERROR Persistence.CommitCodeChangeSaver.save(CommitCodeChangeSaver.java:41) - org.sqlite.SQLiteException: [SQLITE_BUSY]  The database file is locked (database is locked)
2022-05-17 17:02:08,924 ERROR Persistence.CommitCodeChangeSaver.save(CommitCodeChangeSaver.java:41) - org.sqlite.SQLiteException: [SQLITE_BUSY]  The database file is locked (database is locked)
2022-05-17 17:02:24,341 ERROR Persistence.CommitCodeChangeSaver.save(CommitCodeChangeSaver.java:41) - org.sqlite.SQLiteException: [SQLITE_BUSY]  The database file is locked (database is locked)
2022-05-17 23:38:14,071 ERROR Persistence.CommitCodeChangeSaver.save(CommitCodeChangeSaver.java:47) - org.sqlite.SQLiteException: [SQLITE_BUSY]  The database file is locked (database is locked)
2022-05-17 23:39:51,335 ERROR Persistence.CommitCodeChangeSaver.save(CommitCodeChangeSaver.java:47) - org.sqlite.SQLiteException: [SQLITE_BUSY]  The database file is locked (database is locked)
2022-05-17 23:40:25,778 ERROR Persistence.CommitCodeChangeSaver.save(CommitCodeChangeSaver.java:47) - org.sqlite.SQLiteException: [SQLITE_BUSY]  The database file is locked (database is locked)
2022-05-18 00:00:05,687 ERROR Persistence.CommitCodeChangeSaver.save(CommitCodeChangeSaver.java:47) - org.sqlite.SQLiteException: [SQLITE_BUSY]  The database file is locked (database is locked)
2022-05-18 00:00:12,031 ERROR Persistence.CommitCodeChangeSaver.save(CommitCodeChangeSaver.java:49) - org.sqlite.SQLiteException: [SQLITE_BUSY]  The database file is locked (database is locked)
2022-05-18 00:00:34,035 ERROR Persistence.CommitCodeChangeSaver.save(CommitCodeChangeSaver.java:49) - org.sqlite.SQLiteException: [SQLITE_BUSY]  The database file is locked (database is locked)
2022-05-18 00:01:06,355 ERROR Persistence.CommitCodeChangeSaver.save(CommitCodeChangeSaver.java:50) - org.sqlite.SQLiteException: [SQLITE_BUSY]  The database file is locked (database is locked)
2022-05-18 00:01:21,370 ERROR Persistence.CommitCodeChangeSaver.save(CommitCodeChangeSaver.java:50) - org.sqlite.SQLiteException: [SQLITE_BUSY]  The database file is locked (database is locked)
2022-05-18 00:08:42,619 ERROR Persistence.CommitCodeChangeSaver.save(CommitCodeChangeSaver.java:50) - org.sqlite.SQLiteException: [SQLITE_BUSY]  The database file is locked (database is locked)
2022-05-18 00:08:57,349 ERROR Persistence.CommitCodeChangeSaver.save(CommitCodeChangeSaver.java:50) - org.sqlite.SQLiteException: [SQLITE_CONSTRAINT_PRIMARYKEY]  A PRIMARY KEY constraint failed (UNIQUE constraint failed: CommitCodeChange.commitId)
